Build started 12/12/2017 12:14:46 PM.
     1>Project "D:\JOELwindows7_Wirke\JOELwindows7_Wirke\JOELwindows7_Wirke.vcxproj" on node 2 (build target(s)).
     1>InitializeBuildStatus:
         Creating "Debug\JOELwindows7_Wirke.unsuccessfulbuild" because "AlwaysCreate" was specified.
       ClCompile:
         c:\Program Files (x86)\Microsoft Visual Studio 10.0\VC\bin\CL.exe /c /I"C:\Program Files\OpenCV2.3\include" /I"C:\Program Files\OpenCV2.3\include\opencv2" /I"C:\Program Files\OpenCV2.3\include\opencv" /ZI /nologo /W3 /WX- /Od /Oy- /D _CRT_SECURE_NO_WARNINGS /D _MBCS /Gm /EHsc /RTC1 /MDd /GS /fp:precise /Zc:wchar_t /Zc:forScope /Fo"Debug\\" /Fd"Debug\vc100.pdb" /Gd /TP /analyze- /errorReport:prompt Source.cpp
         Source.cpp
     1>d:\joelwindows7_wirke\joelwindows7_wirke\source.cpp(29): warning C4244: 'argument' : conversion from 'time_t' to 'unsigned int', possible loss of data
     1>d:\joelwindows7_wirke\joelwindows7_wirke\source.cpp(31): warning C4101: 'angka' : unreferenced local variable
       Link:
         c:\Program Files (x86)\Microsoft Visual Studio 10.0\VC\bin\link.exe /ERRORREPORT:PROMPT /OUT:"D:\JOELwindows7_Wirke\Debug\JOELwindows7_Wirke.exe" /NOLOGO /LIBPATH:"C:\Program Files\OpenCV2.3\build\x86\vc9\lib" /LIBPATH:"C:\Program Files\opencv\build\x86\vc9\lib" /LIBPATH:"C:\Program Files\OpenCV2.3\3rdparty\lib" fann.lib kernel32.lib user32.lib gdi32.lib winspool.lib comdlg32.lib advapi32.lib shell32.lib ole32.lib oleaut32.lib uuid.lib odbc32.lib odbccp32.lib /MANIFEST /ManifestFile:"Debug\JOELwindows7_Wirke.exe.intermediate.manifest" /MANIFESTUAC:"level='asInvoker' uiAccess='false'" /DEBUG /PDB:"D:\JOELwindows7_Wirke\Debug\JOELwindows7_Wirke.pdb" /TLBID:1 /DYNAMICBASE /NXCOMPAT /IMPLIB:"D:\JOELwindows7_Wirke\Debug\JOELwindows7_Wirke.lib" /MACHINE:X86 Debug\Source.obj
         LINK : D:\JOELwindows7_Wirke\Debug\JOELwindows7_Wirke.exe not found or not built by the last incremental link; performing full link
         JOELwindows7_Wirke.vcxproj -> D:\JOELwindows7_Wirke\Debug\JOELwindows7_Wirke.exe
       Manifest:
         C:\Program Files (x86)\Microsoft SDKs\Windows\v7.0A\bin\mt.exe /nologo /verbose /outputresource:"D:\JOELwindows7_Wirke\Debug\JOELwindows7_Wirke.exe;#1" /manifest Debug\JOELwindows7_Wirke.exe.intermediate.manifest
       FinalizeBuildStatus:
         Deleting file "Debug\JOELwindows7_Wirke.unsuccessfulbuild".
         Touching "Debug\JOELwindows7_Wirke.lastbuildstate".
     1>Done Building Project "D:\JOELwindows7_Wirke\JOELwindows7_Wirke\JOELwindows7_Wirke.vcxproj" (build target(s)).

Build succeeded.

Time Elapsed 00:00:01.23
